<?xml version="1.0" encoding="UTF-8"?>
<robot generator="Robot 3.2.2 (Python 3.8.5 on win32)" generated="20200917 15:10:21.074" rpa="false">
<suite id="s1" name="Tests" source="C:\development\end-to-end\tests">
<suite id="s1-s1" name="BackOffice" source="C:\development\end-to-end\tests\BackOffice">
<suite id="s1-s1-s1" name="Back Office" source="C:\development\end-to-end\tests\BackOffice\Back_Office.robot">
<test id="s1-s1-s1-t1" name="Should be able to access &quot;Landing&quot; page">
<kw name="Begin Web Test" library="CommonWeb" type="setup">
<kw name="Open Browser" library="SeleniumLibrary">
<doc>Opens a new browser instance to the optional ``url``.</doc>
<arguments>
<arg>about:blank</arg>
<arg>${BROWSER}</arg>
</arguments>
<msg timestamp="20200917 15:10:21.353" level="INFO">Opening browser 'ie' to base url 'about:blank'.</msg>
<status status="PASS" starttime="20200917 15:10:21.353" endtime="20200917 15:10:28.739"></status>
</kw>
<status status="PASS" starttime="20200917 15:10:21.352" endtime="20200917 15:10:28.740"></status>
</kw>
<kw name="Go to Landing Page" library="BackOfficeApp">
<kw name="Navigate To" library="BackOffice.Landing">
<kw name="Go To" library="SeleniumLibrary">
<doc>Navigates the current browser window to the provided ``url``.</doc>
<arguments>
<arg>${BACK_OFFICE_URL}</arg>
</arguments>
<msg timestamp="20200917 15:10:28.745" level="INFO">Opening url 'http://www.robotframeworktutorial.com/back-office'</msg>
<status status="PASS" starttime="20200917 15:10:28.743" endtime="20200917 15:10:30.588"></status>
</kw>
<status status="PASS" starttime="20200917 15:10:28.743" endtime="20200917 15:10:30.588"></status>
</kw>
<status status="PASS" starttime="20200917 15:10:28.742" endtime="20200917 15:10:30.588"></status>
</kw>
<kw name="End Web Test" library="CommonWeb" type="teardown">
<kw name="Close All Browsers" library="SeleniumLibrary">
<doc>Closes all open browsers and resets the browser cache.</doc>
<status status="PASS" starttime="20200917 15:10:30.590" endtime="20200917 15:10:33.965"></status>
</kw>
<status status="PASS" starttime="20200917 15:10:30.589" endtime="20200917 15:10:33.966"></status>
</kw>
<doc>This is test 1</doc>
<tags>
<tag>test1</tag>
</tags>
<status status="PASS" starttime="20200917 15:10:21.351" endtime="20200917 15:10:33.967" critical="yes"></status>
</test>
<doc>Talk about what this suite of tests does</doc>
<status status="PASS" starttime="20200917 15:10:21.110" endtime="20200917 15:10:33.970"></status>
</suite>
<status status="PASS" starttime="20200917 15:10:21.107" endtime="20200917 15:10:33.974"></status>
</suite>
<suite id="s1-s2" name="EndToEnd" source="C:\development\end-to-end\tests\EndToEnd">
<suite id="s1-s2-s1" name="End to End" source="C:\development\end-to-end\tests\EndToEnd\End_to_End.robot">
<test id="s1-s2-s1-t1" name="Should be able to access &quot;Landing&quot; page">
<kw name="Begin Web Test" library="CommonWeb" type="setup">
<kw name="Open Browser" library="SeleniumLibrary">
<doc>Opens a new browser instance to the optional ``url``.</doc>
<arguments>
<arg>about:blank</arg>
<arg>${BROWSER}</arg>
</arguments>
<msg timestamp="20200917 15:10:34.035" level="INFO">Opening browser 'ie' to base url 'about:blank'.</msg>
<status status="PASS" starttime="20200917 15:10:34.034" endtime="20200917 15:10:39.195"></status>
</kw>
<status status="PASS" starttime="20200917 15:10:34.033" endtime="20200917 15:10:39.195"></status>
</kw>
<kw name="Go to Landing Page" library="FrontOfficeApp">
<kw name="Navigate To" library="FrontOffice.Landing">
<kw name="Go To" library="SeleniumLibrary">
<doc>Navigates the current browser window to the provided ``url``.</doc>
<arguments>
<arg>${FRONT_OFFICE_URL}</arg>
</arguments>
<msg timestamp="20200917 15:10:39.198" level="INFO">Opening url 'http://www.robotframeworktutorial.com/front-office'</msg>
<status status="PASS" starttime="20200917 15:10:39.198" endtime="20200917 15:10:40.584"></status>
</kw>
<status status="PASS" starttime="20200917 15:10:39.197" endtime="20200917 15:10:40.584"></status>
</kw>
<kw name="Verify Page Loaded" library="FrontOffice.Landing">
<kw name="Wait Until Page Contains Element" library="SeleniumLibrary">
<doc>Waits until the element ``locator`` appears on the current page.</doc>
<arguments>
<arg>${LANDING_NAVIGATION_ELEMENT}</arg>
</arguments>
<status status="PASS" starttime="20200917 15:10:40.585" endtime="20200917 15:10:41.952"></status>
</kw>
<status status="PASS" starttime="20200917 15:10:40.584" endtime="20200917 15:10:41.952"></status>
</kw>
<status status="PASS" starttime="20200917 15:10:39.196" endtime="20200917 15:10:41.952"></status>
</kw>
<kw name="Go to Landing Page" library="BackOfficeApp">
<kw name="Navigate To" library="BackOffice.Landing">
<kw name="Go To" library="SeleniumLibrary">
<doc>Navigates the current browser window to the provided ``url``.</doc>
<arguments>
<arg>${BACK_OFFICE_URL}</arg>
</arguments>
<msg timestamp="20200917 15:10:41.955" level="INFO">Opening url 'http://www.robotframeworktutorial.com/back-office'</msg>
<status status="PASS" starttime="20200917 15:10:41.954" endtime="20200917 15:10:43.728"></status>
</kw>
<status status="PASS" starttime="20200917 15:10:41.954" endtime="20200917 15:10:43.728"></status>
</kw>
<status status="PASS" starttime="20200917 15:10:41.953" endtime="20200917 15:10:43.729"></status>
</kw>
<kw name="End Web Test" library="CommonWeb" type="teardown">
<kw name="Close All Browsers" library="SeleniumLibrary">
<doc>Closes all open browsers and resets the browser cache.</doc>
<status status="PASS" starttime="20200917 15:10:43.730" endtime="20200917 15:10:47.001"></status>
</kw>
<status status="PASS" starttime="20200917 15:10:43.730" endtime="20200917 15:10:47.001"></status>
</kw>
<doc>This is test 1</doc>
<tags>
<tag>test1</tag>
</tags>
<status status="PASS" starttime="20200917 15:10:34.031" endtime="20200917 15:10:47.002" critical="yes"></status>
</test>
<doc>Talk about what this suite of tests does</doc>
<status status="PASS" starttime="20200917 15:10:33.985" endtime="20200917 15:10:47.006"></status>
</suite>
<status status="PASS" starttime="20200917 15:10:33.977" endtime="20200917 15:10:47.011"></status>
</suite>
<suite id="s1-s3" name="FrontOffice" source="C:\development\end-to-end\tests\FrontOffice">
<suite id="s1-s3-s1" name="Front Office" source="C:\development\end-to-end\tests\FrontOffice\Front_Office.robot">
<test id="s1-s3-s1-t1" name="Should be able to access &quot;Team&quot; page">
<kw name="Begin Web Test" library="CommonWeb" type="setup">
<kw name="Open Browser" library="SeleniumLibrary">
<doc>Opens a new browser instance to the optional ``url``.</doc>
<arguments>
<arg>about:blank</arg>
<arg>${BROWSER}</arg>
</arguments>
<msg timestamp="20200917 15:10:47.047" level="INFO">Opening browser 'ie' to base url 'about:blank'.</msg>
<status status="PASS" starttime="20200917 15:10:47.047" endtime="20200917 15:10:51.694"></status>
</kw>
<status status="PASS" starttime="20200917 15:10:47.046" endtime="20200917 15:10:51.694"></status>
</kw>
<kw name="Go to Landing Page" library="FrontOfficeApp">
<kw name="Navigate To" library="FrontOffice.Landing">
<kw name="Go To" library="SeleniumLibrary">
<doc>Navigates the current browser window to the provided ``url``.</doc>
<arguments>
<arg>${FRONT_OFFICE_URL}</arg>
</arguments>
<msg timestamp="20200917 15:10:51.696" level="INFO">Opening url 'http://www.robotframeworktutorial.com/front-office'</msg>
<status status="PASS" starttime="20200917 15:10:51.696" endtime="20200917 15:10:53.167"></status>
</kw>
<status status="PASS" starttime="20200917 15:10:51.695" endtime="20200917 15:10:53.167"></status>
</kw>
<kw name="Verify Page Loaded" library="FrontOffice.Landing">
<kw name="Wait Until Page Contains Element" library="SeleniumLibrary">
<doc>Waits until the element ``locator`` appears on the current page.</doc>
<arguments>
<arg>${LANDING_NAVIGATION_ELEMENT}</arg>
</arguments>
<status status="PASS" starttime="20200917 15:10:53.167" endtime="20200917 15:10:54.561"></status>
</kw>
<status status="PASS" starttime="20200917 15:10:53.167" endtime="20200917 15:10:54.561"></status>
</kw>
<status status="PASS" starttime="20200917 15:10:51.695" endtime="20200917 15:10:54.561"></status>
</kw>
<kw name="Go to &quot;Team&quot; Page" library="FrontOfficeApp">
<kw name="Select &quot;Team&quot; Page" library="FrontOffice.TopNav">
<kw name="Click Element" library="SeleniumLibrary">
<doc>Click the element identified by ``locator``.</doc>
<arguments>
<arg>${TOP_NAV_TEAM_LINK}</arg>
</arguments>
<msg timestamp="20200917 15:10:54.563" level="INFO">Clicking element 'css=#bs-example-navbar-collapse-1 &gt; ul &gt; li:nth-child(5) &gt; a'.</msg>
<status status="PASS" starttime="20200917 15:10:54.563" endtime="20200917 15:11:00.561"></status>
</kw>
<kw name="Sleep" library="BuiltIn">
<doc>Pauses the test executed for the given time.</doc>
<arguments>
<arg>3s</arg>
</arguments>
<msg timestamp="20200917 15:11:03.575" level="INFO">Slept 3 seconds</msg>
<status status="PASS" starttime="20200917 15:11:00.562" endtime="20200917 15:11:03.575"></status>
</kw>
<status status="PASS" starttime="20200917 15:10:54.562" endtime="20200917 15:11:03.576"></status>
</kw>
<kw name="Verify Page Loaded" library="FrontOffice.Team">
<kw name="Wait Until Page Contains Element" library="SeleniumLibrary">
<doc>Waits until the element ``locator`` appears on the current page.</doc>
<arguments>
<arg>${TEAM_HEADER_LABEL}</arg>
</arguments>
<status status="PASS" starttime="20200917 15:11:03.577" endtime="20200917 15:11:04.979"></status>
</kw>
<status status="PASS" starttime="20200917 15:11:03.576" endtime="20200917 15:11:04.979"></status>
</kw>
<status status="PASS" starttime="20200917 15:10:54.562" endtime="20200917 15:11:04.979"></status>
</kw>
<kw name="End Web Test" library="CommonWeb" type="teardown">
<kw name="Close All Browsers" library="SeleniumLibrary">
<doc>Closes all open browsers and resets the browser cache.</doc>
<status status="PASS" starttime="20200917 15:11:04.980" endtime="20200917 15:11:08.126"></status>
</kw>
<status status="PASS" starttime="20200917 15:11:04.980" endtime="20200917 15:11:08.127"></status>
</kw>
<doc>This is test 1</doc>
<tags>
<tag>test1</tag>
</tags>
<status status="PASS" starttime="20200917 15:10:47.045" endtime="20200917 15:11:08.127" critical="yes"></status>
</test>
<test id="s1-s3-s1-t2" name="&quot;Team&quot; page should match requirements">
<kw name="Begin Web Test" library="CommonWeb" type="setup">
<kw name="Open Browser" library="SeleniumLibrary">
<doc>Opens a new browser instance to the optional ``url``.</doc>
<arguments>
<arg>about:blank</arg>
<arg>${BROWSER}</arg>
</arguments>
<msg timestamp="20200917 15:11:08.134" level="INFO">Opening browser 'ie' to base url 'about:blank'.</msg>
<status status="PASS" starttime="20200917 15:11:08.134" endtime="20200917 15:11:12.750"></status>
</kw>
<status status="PASS" starttime="20200917 15:11:08.133" endtime="20200917 15:11:12.750"></status>
</kw>
<kw name="Go to Landing Page" library="FrontOfficeApp">
<kw name="Navigate To" library="FrontOffice.Landing">
<kw name="Go To" library="SeleniumLibrary">
<doc>Navigates the current browser window to the provided ``url``.</doc>
<arguments>
<arg>${FRONT_OFFICE_URL}</arg>
</arguments>
<msg timestamp="20200917 15:11:12.754" level="INFO">Opening url 'http://www.robotframeworktutorial.com/front-office'</msg>
<status status="PASS" starttime="20200917 15:11:12.753" endtime="20200917 15:11:13.973"></status>
</kw>
<status status="PASS" starttime="20200917 15:11:12.752" endtime="20200917 15:11:13.974"></status>
</kw>
<kw name="Verify Page Loaded" library="FrontOffice.Landing">
<kw name="Wait Until Page Contains Element" library="SeleniumLibrary">
<doc>Waits until the element ``locator`` appears on the current page.</doc>
<arguments>
<arg>${LANDING_NAVIGATION_ELEMENT}</arg>
</arguments>
<status status="PASS" starttime="20200917 15:11:13.975" endtime="20200917 15:11:15.380"></status>
</kw>
<status status="PASS" starttime="20200917 15:11:13.974" endtime="20200917 15:11:15.380"></status>
</kw>
<status status="PASS" starttime="20200917 15:11:12.751" endtime="20200917 15:11:15.381"></status>
</kw>
<kw name="Go to &quot;Team&quot; Page" library="FrontOfficeApp">
<kw name="Select &quot;Team&quot; Page" library="FrontOffice.TopNav">
<kw name="Click Element" library="SeleniumLibrary">
<doc>Click the element identified by ``locator``.</doc>
<arguments>
<arg>${TOP_NAV_TEAM_LINK}</arg>
</arguments>
<msg timestamp="20200917 15:11:15.382" level="INFO">Clicking element 'css=#bs-example-navbar-collapse-1 &gt; ul &gt; li:nth-child(5) &gt; a'.</msg>
<status status="PASS" starttime="20200917 15:11:15.382" endtime="20200917 15:11:21.712"></status>
</kw>
<kw name="Sleep" library="BuiltIn">
<doc>Pauses the test executed for the given time.</doc>
<arguments>
<arg>3s</arg>
</arguments>
<msg timestamp="20200917 15:11:24.721" level="INFO">Slept 3 seconds</msg>
<status status="PASS" starttime="20200917 15:11:21.712" endtime="20200917 15:11:24.721"></status>
</kw>
<status status="PASS" starttime="20200917 15:11:15.381" endtime="20200917 15:11:24.722"></status>
</kw>
<kw name="Verify Page Loaded" library="FrontOffice.Team">
<kw name="Wait Until Page Contains Element" library="SeleniumLibrary">
<doc>Waits until the element ``locator`` appears on the current page.</doc>
<arguments>
<arg>${TEAM_HEADER_LABEL}</arg>
</arguments>
<status status="PASS" starttime="20200917 15:11:24.723" endtime="20200917 15:11:26.114"></status>
</kw>
<status status="PASS" starttime="20200917 15:11:24.722" endtime="20200917 15:11:26.114"></status>
</kw>
<status status="PASS" starttime="20200917 15:11:15.381" endtime="20200917 15:11:26.114"></status>
</kw>
<kw name="Validate &quot;Team&quot; Page" library="FrontOfficeApp">
<kw name="Validate Page Contents" library="FrontOffice.Team">
<kw name="Get Text" library="SeleniumLibrary">
<doc>Returns the text value of the element identified by ``locator``.</doc>
<arguments>
<arg>${TEAM_HEADER_LABEL}</arg>
</arguments>
<assign>
<var>${ElementText}</var>
</assign>
<msg timestamp="20200917 15:11:28.479" level="INFO">${ElementText} = OUR AMAZING TEAM</msg>
<status status="PASS" starttime="20200917 15:11:26.115" endtime="20200917 15:11:28.479"></status>
</kw>
<kw name="Should Be Equal As Strings" library="BuiltIn">
<doc>Fails if objects are unequal after converting them to strings.</doc>
<arguments>
<arg>${ElementText}</arg>
<arg>Our Amazing Team</arg>
<arg>ignore_case=true</arg>
</arguments>
<status status="PASS" starttime="20200917 15:11:28.479" endtime="20200917 15:11:28.479"></status>
</kw>
<status status="PASS" starttime="20200917 15:11:26.115" endtime="20200917 15:11:28.480"></status>
</kw>
<status status="PASS" starttime="20200917 15:11:26.115" endtime="20200917 15:11:28.480"></status>
</kw>
<kw name="End Web Test" library="CommonWeb" type="teardown">
<kw name="Close All Browsers" library="SeleniumLibrary">
<doc>Closes all open browsers and resets the browser cache.</doc>
<status status="PASS" starttime="20200917 15:11:28.481" endtime="20200917 15:11:31.646"></status>
</kw>
<status status="PASS" starttime="20200917 15:11:28.481" endtime="20200917 15:11:31.647"></status>
</kw>
<doc>This is test 2</doc>
<tags>
<tag>test2</tag>
</tags>
<status status="PASS" starttime="20200917 15:11:08.132" endtime="20200917 15:11:31.648" critical="yes"></status>
</test>
<doc>Talk about what this suite of tests does</doc>
<status status="PASS" starttime="20200917 15:10:47.020" endtime="20200917 15:11:31.654"></status>
</suite>
<status status="PASS" starttime="20200917 15:10:47.014" endtime="20200917 15:11:31.664"></status>
</suite>
<status status="PASS" starttime="20200917 15:10:21.076" endtime="20200917 15:11:31.670"></status>
</suite>
<statistics>
<total>
<stat pass="4" fail="0">Critical Tests</stat>
<stat pass="4" fail="0">All Tests</stat>
</total>
<tag>
<stat pass="3" fail="0">test1</stat>
<stat pass="1" fail="0">test2</stat>
</tag>
<suite>
<stat pass="4" fail="0" id="s1" name="Tests">Tests</stat>
<stat pass="1" fail="0" id="s1-s1" name="BackOffice">Tests.BackOffice</stat>
<stat pass="1" fail="0" id="s1-s1-s1" name="Back Office">Tests.BackOffice.Back Office</stat>
<stat pass="1" fail="0" id="s1-s2" name="EndToEnd">Tests.EndToEnd</stat>
<stat pass="1" fail="0" id="s1-s2-s1" name="End to End">Tests.EndToEnd.End to End</stat>
<stat pass="2" fail="0" id="s1-s3" name="FrontOffice">Tests.FrontOffice</stat>
<stat pass="2" fail="0" id="s1-s3-s1" name="Front Office">Tests.FrontOffice.Front Office</stat>
</suite>
</statistics>
<errors>
</errors>
</robot>
